#sábado, 29 junho 2024#
2024/06/29 15:12:59 INFO  : There was nothing to transfer
2024/06/29 15:12:59 INFO  : 
Transferred:   	          0 B / 0 B, -, 0 B/s, ETA -
Checks:                 4 / 4, 100%
Elapsed time:         1.8s

#sábado, 29 junho 2024#
2024/06/29 15:13:02 INFO  : There was nothing to transfer
2024/06/29 15:13:02 INFO  : 
Transferred:   	          0 B / 0 B, -, 0 B/s, ETA -
Checks:               460 / 460, 100%
Elapsed time:         3.1s

#sábado, 29 junho 2024#
2024/06/29 15:14:59 INFO  : There was nothing to transfer
2024/06/29 15:14:59 INFO  : 
Transferred:   	          0 B / 0 B, -, 0 B/s, ETA -
Checks:                 4 / 4, 100%
Elapsed time:         1.8s

#sábado, 29 junho 2024#
2024/06/29 15:15:02 INFO  : There was nothing to transfer
2024/06/29 15:15:02 INFO  : 
Transferred:   	          0 B / 0 B, -, 0 B/s, ETA -
Checks:               460 / 460, 100%
Elapsed time:         3.2s

#sábado, 29 junho 2024#
2024/06/29 15:15:05 INFO  : There was nothing to transfer
2024/06/29 15:15:05 INFO  : 
Transferred:   	          0 B / 0 B, -, 0 B/s, ETA -
Checks:                 5 / 5, 100%
Elapsed time:         2.6s

#sábado, 29 junho 2024#
2024/06/29 15:15:07 NOTICE: Configura_Soundux_Ubuntu22_04: Duplicate object found in destination - ignoring
2024/06/29 15:15:07 NOTICE: GIT: Duplicate object found in destination - ignoring
2024/06/29 15:15:07 NOTICE: How to install Atlassian Jira Ubuntu 18.04.docx: Duplicate object found in destination - ignoring
2024/06/29 15:15:07 NOTICE: NELSON FILHO_CV.docx: Duplicate object found in destination - ignoring
2024/06/29 15:15:07 NOTICE: NELSON FILHO_CV.pdf: Duplicate object found in destination - ignoring
2024/06/29 15:15:07 NOTICE: Save.txt: Duplicate object found in destination - ignoring
2024/06/29 15:15:07 NOTICE: Sem título 2.odt: Duplicate object found in destination - ignoring
2024/06/29 15:15:07 NOTICE: UNIVERSIDADE_FEDERAL_DE_CAMPINA_GRANDE_C.pdf: Duplicate object found in destination - ignoring
2024/06/29 15:15:07 NOTICE: java jar TLauncher jar.txt: Duplicate object found in destination - ignoring
#sábado, 29 junho 2024#
2024/06/29 15:17:11 INFO  : There was nothing to transfer
2024/06/29 15:17:11 INFO  : 
Transferred:   	          0 B / 0 B, -, 0 B/s, ETA -
Checks:                27 / 27, 100%
Elapsed time:         2.4s

#sábado, 29 junho 2024#
2024/06/29 15:17:22 INFO  : There was nothing to transfer
2024/06/29 15:17:22 INFO  : 
Transferred:   	          0 B / 0 B, -, 0 B/s, ETA -
Checks:                27 / 27, 100%
Elapsed time:         2.4s

2024/06/29 15:18:09 INFO  : Alura/C/Curso0/Final/compilado.exe: Deleted
2024/06/29 15:18:09 INFO  : Alura/C/Curso0/output/adivinhacao.exe: Deleted
2024/06/29 15:18:09 INFO  : Alura/C/Resposta da questão que não soube responder/Resposta.exe: Deleted
2024/06/29 15:18:09 INFO  : Alura/C/Curso1/Versão00/output/deveficar.exe: Deleted
2024/06/29 15:18:09 INFO  : Alura/C++/Curso1/JogoDaForca2/x64/Debug/JogoDaForca2.exe: Deleted
2024/06/29 15:18:09 INFO  : Alura/C/Curso0/adivinhacao.exe: Deleted
2024/06/29 15:18:09 INFO  : Alura/C/00Teste/main.exe: Deleted
2024/06/29 15:18:10 INFO  : Alura/C/Curso0/Final/Adivinha/x64/Debug/Adivinha.exe: Deleted
2024/06/29 15:18:11 INFO  : Alura/C/Curso1/Versão00/output/forca.exe: Deleted
2024/06/29 15:18:11 INFO  : Alura/C/Curso0/Final/adivinhacao.exe: Deleted
2024/06/29 15:18:11 INFO  : Projetos/Jota/x64/Debug/Jota.exe: Deleted
2024/06/29 15:18:11 INFO  : Alura/C/Curso0/Final/Adivinha/Debug/Adivinha.exe: Deleted
2024/06/29 15:18:11 INFO  : Alura/C/Curso0/Final/output/adivinhacao.exe: Deleted
2024/06/29 15:18:11 INFO  : Alura/C/Curso0/Final/Codigos alura C/numeroAteCem.exe: Deleted
2024/06/29 15:18:11 INFO  : Alura/C/Curso1/Versão00/output: Removing directory
2024/06/29 15:18:13 INFO  : Alura/C/Curso0/output: Removing directory
2024/06/29 15:18:15 INFO  : Alura/C/Curso0/Final/output: Removing directory
2024/06/29 15:18:16 INFO  : There was nothing to transfer
2024/06/29 15:18:16 INFO  : 
Transferred:   	          0 B / 0 B, -, 0 B/s, ETA -
Checks:             20142 / 20142, 100%
Deleted:               14 (files), 3 (dirs), 975.406 KiB (freed)
Elapsed time:      3m11.2s

#sábado, 29 junho 2024#
2024/06/29 15:18:49 INFO  : There was nothing to transfer
2024/06/29 15:18:49 INFO  : 
Transferred:   	          0 B / 0 B, -, 0 B/s, ETA -
Checks:                 4 / 4, 100%
Elapsed time:         1.9s

#sábado, 29 junho 2024#
2024/06/29 15:18:52 INFO  : There was nothing to transfer
2024/06/29 15:18:52 INFO  : 
Transferred:   	          0 B / 0 B, -, 0 B/s, ETA -
Checks:               460 / 460, 100%
Elapsed time:         3.2s

#sábado, 29 junho 2024#
2024/06/29 15:18:55 INFO  : There was nothing to transfer
2024/06/29 15:18:55 INFO  : 
Transferred:   	          0 B / 0 B, -, 0 B/s, ETA -
Checks:                27 / 27, 100%
Elapsed time:         2.7s

#sábado, 29 junho 2024#
2024/06/29 15:18:57 INFO  : There was nothing to transfer
2024/06/29 15:18:57 INFO  : 
Transferred:   	          0 B / 0 B, -, 0 B/s, ETA -
Checks:                 5 / 5, 100%
Elapsed time:         2.1s

#sábado, 29 junho 2024#
2024/06/29 15:18:59 NOTICE: Configura_Soundux_Ubuntu22_04: Duplicate object found in destination - ignoring
2024/06/29 15:18:59 NOTICE: GIT: Duplicate object found in destination - ignoring
2024/06/29 15:18:59 NOTICE: How to install Atlassian Jira Ubuntu 18.04.docx: Duplicate object found in destination - ignoring
2024/06/29 15:18:59 NOTICE: NELSON FILHO_CV.docx: Duplicate object found in destination - ignoring
2024/06/29 15:18:59 NOTICE: NELSON FILHO_CV.pdf: Duplicate object found in destination - ignoring
2024/06/29 15:18:59 NOTICE: Save.txt: Duplicate object found in destination - ignoring
2024/06/29 15:18:59 NOTICE: Sem título 2.odt: Duplicate object found in destination - ignoring
2024/06/29 15:18:59 NOTICE: UNIVERSIDADE_FEDERAL_DE_CAMPINA_GRANDE_C.pdf: Duplicate object found in destination - ignoring
2024/06/29 15:18:59 NOTICE: java jar TLauncher jar.txt: Duplicate object found in destination - ignoring
2024/06/29 15:21:55 INFO  : There was nothing to transfer
2024/06/29 15:21:55 INFO  : 
Transferred:   	          0 B / 0 B, -, 0 B/s, ETA -
Checks:             20128 / 20128, 100%
Elapsed time:      2m57.9s

#sábado, 29 junho 2024#
2024/06/29 15:23:00 INFO  : There was nothing to transfer
2024/06/29 15:23:00 INFO  : 
Transferred:   	          0 B / 0 B, -, 0 B/s, ETA -
Checks:                 4 / 4, 100%
Elapsed time:         1.6s

#sábado, 29 junho 2024#
2024/06/29 15:23:03 INFO  : There was nothing to transfer
2024/06/29 15:23:03 INFO  : 
Transferred:   	          0 B / 0 B, -, 0 B/s, ETA -
Checks:               460 / 460, 100%
Elapsed time:         3.2s

#sábado, 29 junho 2024#
2024/06/29 15:23:05 INFO  : There was nothing to transfer
2024/06/29 15:23:05 INFO  : 
Transferred:   	          0 B / 0 B, -, 0 B/s, ETA -
Checks:                27 / 27, 100%
Elapsed time:         2.4s

#sábado, 29 junho 2024#
2024/06/29 15:23:07 INFO  : There was nothing to transfer
2024/06/29 15:23:07 INFO  : 
Transferred:   	          0 B / 0 B, -, 0 B/s, ETA -
Checks:                 5 / 5, 100%
Elapsed time:         2.0s

#sábado, 29 junho 2024#
2024/06/29 15:23:09 NOTICE: Configura_Soundux_Ubuntu22_04: Duplicate object found in source - ignoring
2024/06/29 15:23:09 NOTICE: GIT: Duplicate object found in source - ignoring
2024/06/29 15:23:09 NOTICE: How to install Atlassian Jira Ubuntu 18.04.docx: Duplicate object found in source - ignoring
2024/06/29 15:23:09 NOTICE: NELSON FILHO_CV.docx: Duplicate object found in source - ignoring
2024/06/29 15:23:09 NOTICE: NELSON FILHO_CV.pdf: Duplicate object found in source - ignoring
2024/06/29 15:23:09 NOTICE: Save.txt: Duplicate object found in source - ignoring
2024/06/29 15:23:09 NOTICE: Sem título 2.odt: Duplicate object found in source - ignoring
2024/06/29 15:23:09 NOTICE: UNIVERSIDADE_FEDERAL_DE_CAMPINA_GRANDE_C.pdf: Duplicate object found in source - ignoring
2024/06/29 15:23:09 NOTICE: java jar TLauncher jar.txt: Duplicate object found in source - ignoring
2024/06/29 15:26:30 INFO  : There was nothing to transfer
2024/06/29 15:26:30 INFO  : 
Transferred:   	          0 B / 0 B, -, 0 B/s, ETA -
Checks:             20128 / 20128, 100%
Elapsed time:      3m22.4s

#sábado, 29 junho 2024#
2024/06/29 15:26:37 INFO  : There was nothing to transfer
2024/06/29 15:26:37 INFO  : 
Transferred:   	          0 B / 0 B, -, 0 B/s, ETA -
Checks:                 4 / 4, 100%
Elapsed time:         2.4s

#sábado, 29 junho 2024#
2024/06/29 15:26:42 INFO  : There was nothing to transfer
2024/06/29 15:26:42 INFO  : 
Transferred:   	          0 B / 0 B, -, 0 B/s, ETA -
Checks:               460 / 460, 100%
Elapsed time:         4.9s

#sábado, 29 junho 2024#
2024/06/29 15:26:44 INFO  : There was nothing to transfer
2024/06/29 15:26:44 INFO  : 
Transferred:   	          0 B / 0 B, -, 0 B/s, ETA -
Checks:                27 / 27, 100%
Elapsed time:         2.5s

#sábado, 29 junho 2024#
2024/06/29 15:26:46 INFO  : There was nothing to transfer
2024/06/29 15:26:46 INFO  : 
Transferred:   	          0 B / 0 B, -, 0 B/s, ETA -
Checks:                 5 / 5, 100%
Elapsed time:         2.0s

#sábado, 29 junho 2024#
2024/06/29 15:26:48 NOTICE: Configura_Soundux_Ubuntu22_04: Duplicate object found in destination - ignoring
2024/06/29 15:26:48 NOTICE: GIT: Duplicate object found in destination - ignoring
2024/06/29 15:26:48 NOTICE: How to install Atlassian Jira Ubuntu 18.04.docx: Duplicate object found in destination - ignoring
2024/06/29 15:26:48 NOTICE: NELSON FILHO_CV.docx: Duplicate object found in destination - ignoring
2024/06/29 15:26:48 NOTICE: NELSON FILHO_CV.pdf: Duplicate object found in destination - ignoring
2024/06/29 15:26:48 NOTICE: Save.txt: Duplicate object found in destination - ignoring
2024/06/29 15:26:48 NOTICE: Sem título 2.odt: Duplicate object found in destination - ignoring
2024/06/29 15:26:48 NOTICE: UNIVERSIDADE_FEDERAL_DE_CAMPINA_GRANDE_C.pdf: Duplicate object found in destination - ignoring
2024/06/29 15:26:48 NOTICE: java jar TLauncher jar.txt: Duplicate object found in destination - ignoring
2024/06/29 15:29:32 INFO  : There was nothing to transfer
2024/06/29 15:29:32 INFO  : 
Transferred:   	          0 B / 0 B, -, 0 B/s, ETA -
Checks:             20128 / 20128, 100%
Elapsed time:      2m46.0s

#sábado, 29 junho 2024#
2024/06/29 23:34:49 INFO  : There was nothing to transfer
2024/06/29 23:34:49 INFO  : 
Transferred:   	          0 B / 0 B, -, 0 B/s, ETA -
Checks:                 4 / 4, 100%
Elapsed time:        18.8s

#sábado, 29 junho 2024#
2024/06/29 23:34:53 INFO  : There was nothing to transfer
2024/06/29 23:34:53 INFO  : 
Transferred:   	          0 B / 0 B, -, 0 B/s, ETA -
Checks:               460 / 460, 100%
Elapsed time:         3.9s

#sábado, 29 junho 2024#
2024/06/29 23:34:57 INFO  : There was nothing to transfer
2024/06/29 23:34:57 INFO  : 
Transferred:   	          0 B / 0 B, -, 0 B/s, ETA -
Checks:                27 / 27, 100%
Elapsed time:         3.4s

#sábado, 29 junho 2024#
2024/06/29 23:35:00 INFO  : There was nothing to transfer
2024/06/29 23:35:00 INFO  : 
Transferred:   	          0 B / 0 B, -, 0 B/s, ETA -
Checks:                 5 / 5, 100%
Elapsed time:         2.8s

#sábado, 29 junho 2024#
2024/06/29 23:35:02 NOTICE: Configura_Soundux_Ubuntu22_04: Duplicate object found in destination - ignoring
2024/06/29 23:35:02 NOTICE: GIT: Duplicate object found in destination - ignoring
2024/06/29 23:35:02 NOTICE: How to install Atlassian Jira Ubuntu 18.04.docx: Duplicate object found in destination - ignoring
2024/06/29 23:35:02 NOTICE: NELSON FILHO_CV.docx: Duplicate object found in destination - ignoring
2024/06/29 23:35:02 NOTICE: NELSON FILHO_CV.pdf: Duplicate object found in destination - ignoring
2024/06/29 23:35:02 NOTICE: Save.txt: Duplicate object found in destination - ignoring
2024/06/29 23:35:02 NOTICE: Sem título 2.odt: Duplicate object found in destination - ignoring
2024/06/29 23:35:02 NOTICE: UNIVERSIDADE_FEDERAL_DE_CAMPINA_GRANDE_C.pdf: Duplicate object found in destination - ignoring
2024/06/29 23:35:02 NOTICE: java jar TLauncher jar.txt: Duplicate object found in destination - ignoring
2024/06/29 23:35:06 INFO  : settings.zip: Copied (new)
2024/06/29 23:35:12 INFO  : Alura/C++/Formação C++ (Alura)/Curso 01_ adivinhação e forca.docx: Copied (new)
2024/06/29 23:35:13 INFO  : Alura/C++/Formação C++ (Alura)/Curso 02 _Linker e Compilação.docx: Copied (new)
2024/06/29 23:35:13 INFO  : Alura/C++/Formação C++ (Alura)/Curso 04 POO.docx: Copied (new)
2024/06/29 23:35:13 INFO  : Alura/C++/Formação C++ (Alura)/Curso 03 POO.docx: Copied (new)
2024/06/29 23:35:14 INFO  : Alura/C++/Formação C++ (Alura)/Curso 05 POO.docx: Copied (new)
2024/06/29 23:35:15 INFO  : Alura/C++/Formação C++ (Alura)/Curso 06 POO cacth.docx: Copied (new)
2024/06/29 23:35:15 INFO  : Alura/C++/Formação C++ (Alura)/PARA SABER MAIS.docx: Copied (new)
2024/06/29 23:35:15 INFO  : Alura/C++/Formação C++ (Alura)/Curso 07 - Performance.docx: Copied (new)
2024/06/29 23:35:16 INFO  : Alura/C++/Formação C++ (Alura)/Resumo Codigos.docx: Copied (new)
2024/06/29 23:35:19 INFO  : Alura/C/Formação C (Alura)/Curso 01_ C linguagem das Linguagens_.docx: Copied (new)
2024/06/29 23:35:22 INFO  : Alura/C/Formação C (Alura)/Curso 03_ Recursos Avançados da Lingugem.docx: Copied (new)
2024/06/29 23:35:22 INFO  : Alura/Modelagem_de_Dados/Ciência de Dados (Alura)/Normalização.docx: Copied (new)
2024/06/29 23:35:22 INFO  : Alura/C/Formação C (Alura)/Curso 02_ Avançando na Linguagem.docx: Copied (new)
2024/06/29 23:35:26 INFO  : Alura/Modelagem_de_Dados/Ciência de Dados (Alura)/SQL Com mySQL Oracle (Alura)/01 - Introdução MySQL.docx: Copied (new)
2024/06/29 23:35:26 INFO  : Alura/Modelagem_de_Dados/Ciência de Dados (Alura)/SQL Com mySQL Oracle (Alura)/03 - Manipulando Dados no MySQL.docx: Copied (new)
2024/06/29 23:35:26 INFO  : Alura/Modelagem_de_Dados/Ciência de Dados (Alura)/SQL Com mySQL Oracle (Alura)/02 - Consultas no MySQL.docx: Copied (new)
2024/06/29 23:35:27 INFO  : Alura/Modelagem_de_Dados/Ciência de Dados (Alura)/SQL Com mySQL Oracle (Alura)/01-slides_Introdução_MySQL.pptx: Copied (new)
2024/06/29 23:37:59 INFO  : Alura/Modelagem_de_Dados/Ciência de Dados (Alura)/SQL Com mySQL Oracle (Alura): Set directory modification time (using DirSetModTime)
2024/06/29 23:38:00 INFO  : Alura/C/Formação C (Alura): Set directory modification time (using DirSetModTime)
2024/06/29 23:38:00 INFO  : Alura/Modelagem_de_Dados/Ciência de Dados (Alura): Set directory modification time (using DirSetModTime)
2024/06/29 23:38:01 INFO  : Alura/C++/Formação C++ (Alura): Set directory modification time (using DirSetModTime)
2024/06/29 23:38:02 INFO  : Alura/C: Set directory modification time (using SetModTime)
2024/06/29 23:38:02 INFO  : Alura/Modelagem_de_Dados: Set directory modification time (using SetModTime)
2024/06/29 23:38:02 INFO  : Alura/C++: Set directory modification time (using SetModTime)
2024/06/29 23:38:04 INFO  : Alura: Set directory modification time (using SetModTime)
2024/06/29 23:38:04 INFO  : 
Transferred:   	  815.209 KiB / 815.209 KiB, 100%, 3.141 KiB/s, ETA 0s
Checks:             20128 / 20128, 100%
Transferred:           18 / 18, 100%
Elapsed time:       3m3.8s

