#segunda, 03 março 2025#
2025/03/03 13:28:25 NOTICE: Config file "/home/rothmans/.config/rclone/rclone.conf" not found - using defaults
2025/03/03 13:28:25 CRITICAL: Failed to create file system for "gDrive:/Linux/Area-de-Trabalho": didn't find section in config file ("gDrive")
#segunda, 03 março 2025#
2025/03/03 13:28:25 NOTICE: Config file "/home/rothmans/.config/rclone/rclone.conf" not found - using defaults
2025/03/03 13:28:25 CRITICAL: Failed to create file system for "gDrive:/Linux/Imagens": didn't find section in config file ("gDrive")
#segunda, 03 março 2025#
2025/03/03 13:28:25 NOTICE: Config file "/home/rothmans/.config/rclone/rclone.conf" not found - using defaults
2025/03/03 13:28:25 CRITICAL: Failed to create file system for "gDrive:/Linux/Musicas": didn't find section in config file ("gDrive")
#segunda, 03 março 2025#
2025/03/03 13:28:25 NOTICE: Config file "/home/rothmans/.config/rclone/rclone.conf" not found - using defaults
2025/03/03 13:28:25 CRITICAL: Failed to create file system for "gDrive:/Linux/Videos": didn't find section in config file ("gDrive")
#segunda, 03 março 2025#
2025/03/03 13:28:25 NOTICE: Config file "/home/rothmans/.config/rclone/rclone.conf" not found - using defaults
2025/03/03 13:28:25 CRITICAL: Failed to create file system for "gDrive:/Linux/Documentos": didn't find section in config file ("gDrive")
#segunda, 03 março 2025#
2025/03/03 17:03:42 INFO  : gDrive-Rclone/README.md: Copied (new)
2025/03/03 17:03:43 INFO  : gDrive-Rclone/Windows/WDocumentos.sh: Copied (new)
2025/03/03 17:03:43 INFO  : gDrive-Rclone/Windows/RecuperarWin.sh: Copied (new)
2025/03/03 17:03:43 INFO  : gDrive-Rclone/Windows/SubirWin.sh: Copied (new)
2025/03/03 17:03:44 INFO  : gDrive-Rclone/Windows/WImagens.sh: Copied (new)
2025/03/03 17:03:45 INFO  : gDrive-Rclone/Windows/WVideos.sh: Copied (new)
2025/03/03 17:03:46 INFO  : gDrive-Rclone/Windows/WMusicas.sh: Copied (new)
2025/03/03 17:03:49 INFO  : gDrive-Rclone/Linux/LAreaTrabalho.sh: Copied (new)
2025/03/03 17:03:51 INFO  : gDrive-Rclone/.git/HEAD: Copied (new)
2025/03/03 17:03:51 INFO  : gDrive-Rclone/.git/config: Copied (new)
2025/03/03 17:03:51 INFO  : gDrive-Rclone/Linux/LImagens.sh: Copied (new)
2025/03/03 17:03:51 INFO  : gDrive-Rclone/Linux/LDocumentos.sh: Copied (new)
2025/03/03 17:03:53 INFO  : gDrive-Rclone/Linux/LMusicas.sh: Copied (new)
2025/03/03 17:03:53 INFO  : gDrive-Rclone/Linux/LVideos.sh: Copied (new)
2025/03/03 17:03:53 INFO  : gDrive-Rclone/.git/description: Copied (new)
2025/03/03 17:03:54 ERROR : gDrive-Rclone/Linux/rcl-032025.log: Failed to copy: Post "https://www.googleapis.com/upload/drive/v3/files?alt=json&fields=id%2Cname%2Csize%2Cmd5Checksum%2Csha1Checksum%2Csha256Checksum%2Ctrashed%2CexplicitlyTrashed%2CmodifiedTime%2CcreatedTime%2CmimeType%2Cparents%2CwebViewLink%2CshortcutDetails%2CexportLinks%2CresourceKey&keepRevisionForever=false&prettyPrint=false&supportsAllDrives=true&uploadType=multipart": googleapi: Copy failed: can't copy - source file is being updated (size changed from 2431 to 2504)
2025/03/03 17:03:54 INFO  : gDrive-Rclone/Linux/RecuperarLinux.sh: Copied (new)
2025/03/03 17:03:55 INFO  : gDrive-Rclone/Linux/SubirLinux.sh: Copied (new)
2025/03/03 17:03:55 INFO  : gDrive-Rclone/.git/index: Copied (new)
2025/03/03 17:03:56 INFO  : gDrive-Rclone/.git/packed-refs: Copied (new)
2025/03/03 17:03:56 INFO  : gDrive-Rclone/Linux/rcl-072024.log: Copied (new)
2025/03/03 17:04:00 INFO  : gDrive-Rclone/.git/logs/HEAD: Copied (new)
2025/03/03 17:04:02 INFO  : gDrive-Rclone/.git/info/exclude: Copied (new)
2025/03/03 17:04:04 INFO  : gDrive-Rclone/.git/refs/heads/main: Copied (new)
2025/03/03 17:04:05 INFO  : gDrive-Rclone/.git/hooks/applypatch-msg.sample: Copied (new)
2025/03/03 17:04:06 INFO  : gDrive-Rclone/.git/hooks/commit-msg.sample: Copied (new)
2025/03/03 17:04:06 INFO  : gDrive-Rclone/.git/hooks/fsmonitor-watchman.sample: Copied (new)
2025/03/03 17:04:06 INFO  : gDrive-Rclone/.git/hooks/post-update.sample: Copied (new)
2025/03/03 17:04:07 INFO  : gDrive-Rclone/.git/hooks/pre-applypatch.sample: Copied (new)
2025/03/03 17:04:08 INFO  : gDrive-Rclone/.git/hooks/pre-merge-commit.sample: Copied (new)
2025/03/03 17:04:08 INFO  : gDrive-Rclone/.git/hooks/pre-commit.sample: Copied (new)
2025/03/03 17:04:08 INFO  : gDrive-Rclone/.git/hooks/pre-push.sample: Copied (new)
2025/03/03 17:04:09 INFO  : gDrive-Rclone/.git/hooks/pre-rebase.sample: Copied (new)
2025/03/03 17:04:12 INFO  : gDrive-Rclone/.git/hooks/pre-receive.sample: Copied (new)
2025/03/03 17:04:12 INFO  : gDrive-Rclone/.git/hooks/prepare-commit-msg.sample: Copied (new)
2025/03/03 17:04:12 INFO  : gDrive-Rclone/.git/objects/pack/pack-28231a43d0c9d5b8c54e6c3d6a7ccfb7ea62e650.idx: Copied (new)
2025/03/03 17:04:12 INFO  : gDrive-Rclone/.git/objects/pack/pack-28231a43d0c9d5b8c54e6c3d6a7ccfb7ea62e650.pack: Copied (new)
2025/03/03 17:04:16 INFO  : gDrive-Rclone/.git/logs/refs/heads/main: Copied (new)
2025/03/03 17:04:19 INFO  : gDrive-Rclone/.git/refs/remotes/origin/HEAD: Copied (new)
2025/03/03 17:04:19 INFO  : gDrive-Rclone/.git/hooks/update.sample: Copied (new)
2025/03/03 17:04:19 INFO  : gDrive-Rclone/.git/hooks/push-to-checkout.sample: Copied (new)
2025/03/03 17:04:21 INFO  : gDrive-Rclone/.git/logs/refs/remotes/origin/HEAD: Copied (new)
2025/03/03 17:04:21 ERROR : Google drive root 'Linux/Area-de-Trabalho': not deleting files as there were IO errors
2025/03/03 17:04:22 INFO  : gDrive-Rclone/.git/logs/refs/remotes/origin: Set directory modification time (using DirSetModTime)
2025/03/03 17:04:23 INFO  : gDrive-Rclone/.git/logs/refs/remotes: Set directory modification time (using DirSetModTime)
2025/03/03 17:04:23 INFO  : gDrive-Rclone/.git/logs/refs/heads: Set directory modification time (using DirSetModTime)
2025/03/03 17:04:23 INFO  : gDrive-Rclone/.git/refs/remotes/origin: Set directory modification time (using DirSetModTime)
2025/03/03 17:04:24 INFO  : gDrive-Rclone/.git/objects/pack: Set directory modification time (using DirSetModTime)
2025/03/03 17:04:24 INFO  : gDrive-Rclone/.git/refs/remotes: Set directory modification time (using DirSetModTime)
2025/03/03 17:04:24 INFO  : gDrive-Rclone/.git/refs/heads: Set directory modification time (using DirSetModTime)
2025/03/03 17:04:24 INFO  : gDrive-Rclone/.git/logs/refs: Set directory modification time (using DirSetModTime)
2025/03/03 17:04:24 INFO  : gDrive-Rclone/.git/objects: Set directory modification time (using DirSetModTime)
2025/03/03 17:04:24 INFO  : gDrive-Rclone/.git/info: Set directory modification time (using DirSetModTime)
2025/03/03 17:04:25 INFO  : gDrive-Rclone/.git/hooks: Set directory modification time (using DirSetModTime)
2025/03/03 17:04:25 INFO  : gDrive-Rclone/.git/refs: Set directory modification time (using DirSetModTime)
2025/03/03 17:04:25 INFO  : gDrive-Rclone/.git/logs: Set directory modification time (using DirSetModTime)
2025/03/03 17:04:25 INFO  : gDrive-Rclone/Windows: Set directory modification time (using DirSetModTime)
2025/03/03 17:04:25 INFO  : gDrive-Rclone/Linux: Set directory modification time (using DirSetModTime)
2025/03/03 17:04:26 INFO  : gDrive-Rclone/.git: Set directory modification time (using DirSetModTime)
2025/03/03 17:04:26 INFO  : gDrive-Rclone: Set directory modification time (using DirSetModTime)
2025/03/03 17:04:26 ERROR : Google drive root 'Linux/Area-de-Trabalho': not deleting directories as there were IO errors
2025/03/03 17:04:26 ERROR : Attempt 1/3 failed with 1 errors and: Post "https://www.googleapis.com/upload/drive/v3/files?alt=json&fields=id%2Cname%2Csize%2Cmd5Checksum%2Csha1Checksum%2Csha256Checksum%2Ctrashed%2CexplicitlyTrashed%2CmodifiedTime%2CcreatedTime%2CmimeType%2Cparents%2CwebViewLink%2CshortcutDetails%2CexportLinks%2CresourceKey&keepRevisionForever=false&prettyPrint=false&supportsAllDrives=true&uploadType=multipart": googleapi: Copy failed: can't copy - source file is being updated (size changed from 2431 to 2504)
2025/03/03 17:04:29 INFO  : gDrive-Rclone/Linux/rcl-032025.log: Copied (new)
2025/03/03 17:04:30 INFO  : gDrive-Rclone/Linux: Set directory modification time (using SetModTime)
2025/03/03 17:04:31 INFO  : gDrive-Rclone: Set directory modification time (using SetModTime)
2025/03/03 17:04:31 ERROR : Attempt 2/3 succeeded
2025/03/03 17:04:31 INFO  : 
Transferred:   	  490.288 KiB / 490.288 KiB, 100%, 8.474 KiB/s, ETA 0s
Checks:                41 / 41, 100%
Transferred:           42 / 42, 100%
Elapsed time:        56.8s

