#sábado, 06 julho 2024#
2024/07/06 11:36:14 INFO  : There was nothing to transfer
2024/07/06 11:36:14 INFO  : 
Transferred:   	          0 B / 0 B, -, 0 B/s, ETA -
Checks:                 5 / 5, 100%
Elapsed time:         2.3s

#sábado, 06 julho 2024#
2024/07/06 11:37:48 INFO  : There was nothing to transfer
2024/07/06 11:37:48 INFO  : 
Transferred:   	          0 B / 0 B, -, 0 B/s, ETA -
Checks:                 5 / 5, 100%
Elapsed time:         1.9s

#sábado, 06 julho 2024#
2024/07/06 11:37:52 INFO  : There was nothing to transfer
2024/07/06 11:37:52 INFO  : 
Transferred:   	          0 B / 0 B, -, 0 B/s, ETA -
Checks:               467 / 467, 100%
Elapsed time:         3.5s

#sábado, 06 julho 2024#
2024/07/06 11:37:55 INFO  : There was nothing to transfer
2024/07/06 11:37:55 INFO  : 
Transferred:   	          0 B / 0 B, -, 0 B/s, ETA -
Checks:                27 / 27, 100%
Elapsed time:         2.6s

#sábado, 06 julho 2024#
2024/07/06 11:37:57 INFO  : There was nothing to transfer
2024/07/06 11:37:57 INFO  : 
Transferred:   	          0 B / 0 B, -, 0 B/s, ETA -
Checks:                 5 / 5, 100%
Elapsed time:         2.1s

#sábado, 06 julho 2024#
2024/07/06 11:37:59 NOTICE: Configura_Soundux_Ubuntu22_04: Duplicate object found in destination - ignoring
2024/07/06 11:37:59 NOTICE: GIT: Duplicate object found in destination - ignoring
2024/07/06 11:37:59 NOTICE: How to install Atlassian Jira Ubuntu 18.04.docx: Duplicate object found in destination - ignoring
2024/07/06 11:37:59 NOTICE: NELSON FILHO_CV.docx: Duplicate object found in destination - ignoring
2024/07/06 11:37:59 NOTICE: NELSON FILHO_CV.pdf: Duplicate object found in destination - ignoring
2024/07/06 11:37:59 NOTICE: Save.txt: Duplicate object found in destination - ignoring
2024/07/06 11:37:59 NOTICE: Sem título 2.odt: Duplicate object found in destination - ignoring
2024/07/06 11:37:59 NOTICE: UNIVERSIDADE_FEDERAL_DE_CAMPINA_GRANDE_C.pdf: Duplicate object found in destination - ignoring
2024/07/06 11:37:59 NOTICE: java jar TLauncher jar.txt: Duplicate object found in destination - ignoring
#sábado, 06 julho 2024#
2024/07/06 11:38:36 INFO  : There was nothing to transfer
2024/07/06 11:38:36 INFO  : 
Transferred:   	          0 B / 0 B, -, 0 B/s, ETA -
Checks:                 5 / 5, 100%
Elapsed time:         1.9s

#sábado, 06 julho 2024#
2024/07/06 11:38:39 INFO  : There was nothing to transfer
2024/07/06 11:38:39 INFO  : 
Transferred:   	          0 B / 0 B, -, 0 B/s, ETA -
Checks:               467 / 467, 100%
Elapsed time:         2.9s

#sábado, 06 julho 2024#
2024/07/06 11:38:41 INFO  : There was nothing to transfer
2024/07/06 11:38:41 INFO  : 
Transferred:   	          0 B / 0 B, -, 0 B/s, ETA -
Checks:                27 / 27, 100%
Elapsed time:         2.3s

#sábado, 06 julho 2024#
2024/07/06 11:38:43 INFO  : There was nothing to transfer
2024/07/06 11:38:43 INFO  : 
Transferred:   	          0 B / 0 B, -, 0 B/s, ETA -
Checks:                 5 / 5, 100%
Elapsed time:         2.0s

#sábado, 06 julho 2024#
2024/07/06 11:38:45 NOTICE: Configura_Soundux_Ubuntu22_04: Duplicate object found in destination - ignoring
2024/07/06 11:38:45 NOTICE: GIT: Duplicate object found in destination - ignoring
2024/07/06 11:38:45 NOTICE: How to install Atlassian Jira Ubuntu 18.04.docx: Duplicate object found in destination - ignoring
2024/07/06 11:38:45 NOTICE: NELSON FILHO_CV.docx: Duplicate object found in destination - ignoring
2024/07/06 11:38:45 NOTICE: NELSON FILHO_CV.pdf: Duplicate object found in destination - ignoring
2024/07/06 11:38:45 NOTICE: Save.txt: Duplicate object found in destination - ignoring
2024/07/06 11:38:45 NOTICE: Sem título 2.odt: Duplicate object found in destination - ignoring
2024/07/06 11:38:45 NOTICE: UNIVERSIDADE_FEDERAL_DE_CAMPINA_GRANDE_C.pdf: Duplicate object found in destination - ignoring
2024/07/06 11:38:45 NOTICE: java jar TLauncher jar.txt: Duplicate object found in destination - ignoring
2024/07/06 11:41:37 INFO  : There was nothing to transfer
2024/07/06 11:41:37 INFO  : 
Transferred:   	          0 B / 0 B, -, 0 B/s, ETA -
Checks:             20449 / 20449, 100%
Elapsed time:      2m53.8s

#sábado, 06 julho 2024#
2024/07/06 11:43:39 INFO  : There was nothing to transfer
2024/07/06 11:43:39 INFO  : 
Transferred:   	          0 B / 0 B, -, 0 B/s, ETA -
Checks:                 5 / 5, 100%
Elapsed time:         1.6s

#sábado, 06 julho 2024#
2024/07/06 11:43:42 INFO  : There was nothing to transfer
2024/07/06 11:43:42 INFO  : 
Transferred:   	          0 B / 0 B, -, 0 B/s, ETA -
Checks:               467 / 467, 100%
Elapsed time:         2.7s

#sábado, 06 julho 2024#
2024/07/06 11:43:45 INFO  : There was nothing to transfer
2024/07/06 11:43:45 INFO  : 
Transferred:   	          0 B / 0 B, -, 0 B/s, ETA -
Checks:                27 / 27, 100%
Elapsed time:         2.6s

#sábado, 06 julho 2024#
2024/07/06 11:43:47 INFO  : There was nothing to transfer
2024/07/06 11:43:47 INFO  : 
Transferred:   	          0 B / 0 B, -, 0 B/s, ETA -
Checks:                 5 / 5, 100%
Elapsed time:         1.9s

#sábado, 06 julho 2024#
2024/07/06 11:43:49 NOTICE: Configura_Soundux_Ubuntu22_04: Duplicate object found in destination - ignoring
2024/07/06 11:43:49 NOTICE: GIT: Duplicate object found in destination - ignoring
2024/07/06 11:43:49 NOTICE: How to install Atlassian Jira Ubuntu 18.04.docx: Duplicate object found in destination - ignoring
2024/07/06 11:43:49 NOTICE: NELSON FILHO_CV.docx: Duplicate object found in destination - ignoring
2024/07/06 11:43:49 NOTICE: NELSON FILHO_CV.pdf: Duplicate object found in destination - ignoring
2024/07/06 11:43:49 NOTICE: Save.txt: Duplicate object found in destination - ignoring
2024/07/06 11:43:49 NOTICE: Sem título 2.odt: Duplicate object found in destination - ignoring
2024/07/06 11:43:49 NOTICE: UNIVERSIDADE_FEDERAL_DE_CAMPINA_GRANDE_C.pdf: Duplicate object found in destination - ignoring
2024/07/06 11:43:49 NOTICE: java jar TLauncher jar.txt: Duplicate object found in destination - ignoring
2024/07/06 11:46:40 INFO  : There was nothing to transfer
2024/07/06 11:46:40 INFO  : 
Transferred:   	          0 B / 0 B, -, 0 B/s, ETA -
Checks:             20449 / 20449, 100%
Elapsed time:      2m53.0s

